<?xml version="1.0" encoding="UTF-8"?>
<testng-results skipped="0" failed="0" ignored="0" total="1" passed="1">
  <reporter-output>
  </reporter-output>
  <suite name="Default suite" duration-ms="35404" started-at="2017-07-09T06:56:44Z" finished-at="2017-07-09T06:57:20Z">
    <groups>
    </groups>
    <test name="Default test" duration-ms="35404" started-at="2017-07-09T06:56:44Z" finished-at="2017-07-09T06:57:20Z">
      <class name="com.meengal.todayscatch.TodaysCatch">
        <test-method status="PASS" signature="beforeTest()[pri:0, instance:com.meengal.todayscatch.TodaysCatch@14acaea5]" name="beforeTest" is-config="true" duration-ms="16" started-at="2017-07-09T12:26:44Z" finished-at="2017-07-09T12:26:45Z">
          <reporter-output>
          </reporter-output>
        </test-method> <!-- beforeTest -->
        <test-method status="PASS" signature="tc_01()[pri:0, instance:com.meengal.todayscatch.TodaysCatch@14acaea5]" name="tc_01" duration-ms="35388" started-at="2017-07-09T12:26:45Z" finished-at="2017-07-09T12:27:20Z">
          <reporter-output>
          </reporter-output>
        </test-method> <!-- tc_01 -->
      </class> <!-- com.meengal.todayscatch.TodaysCatch -->
    </test> <!-- Default test -->
  </suite> <!-- Default suite -->
</testng-results>
